<?xml version="1.0" encoding="UTF-8"?>
<!-- Generated by org.testng.reporters.JUnitXMLReporter -->
<testsuite ignored="0" hostname="DESKTOP-5KAG1TN" failures="0" tests="4" name="Default test" time="11.768" errors="0" timestamp="2021-11-04T17:01:06 EET">
  <testcase classname="TestPro.Orange_hrm.mainTest" name="login" time="3.793"/>
  <testcase classname="TestPro.Orange_hrm.mainTest" name="add_new" time="5.243"/>
  <testcase classname="TestPro.Orange_hrm.mainTest" name="search" time="0.984"/>
  <testcase classname="TestPro.Orange_hrm.mainTest" name="assertion" time="1.677"/>
</testsuite> <!-- Default test -->
