<?xml version="1.0" encoding="UTF-8"?>
<testng-results ignored="0" total="4" passed="4" failed="0" skipped="0">
  <reporter-output>
  </reporter-output>
  <suite started-at="2021-11-04T17:00:54 EET" name="Default suite" finished-at="2021-11-04T17:01:06 EET" duration-ms="11768">
    <groups>
    </groups>
    <test started-at="2021-11-04T17:00:54 EET" name="Default test" finished-at="2021-11-04T17:01:06 EET" duration-ms="11768">
      <class name="TestPro.Orange_hrm.mainTest">
        <test-method is-config="true" signature="globalSetup()[pri:0, instance:TestPro.Orange_hrm.mainTest@4b0b0854]" started-at="2021-11-04T17:00:46 EET" name="globalSetup" finished-at="2021-11-04T17:00:54 EET" duration-ms="8493" status="PASS">
          <reporter-output>
          </reporter-output>
        </test-method> <!-- globalSetup -->
        <test-method signature="login()[pri:1, instance:TestPro.Orange_hrm.mainTest@4b0b0854]" started-at="2021-11-04T17:00:54 EET" name="login" finished-at="2021-11-04T17:00:58 EET" duration-ms="3793" status="PASS">
          <reporter-output>
          </reporter-output>
        </test-method> <!-- login -->
        <test-method signature="add_new()[pri:2, instance:TestPro.Orange_hrm.mainTest@4b0b0854]" started-at="2021-11-04T17:00:58 EET" name="add_new" finished-at="2021-11-04T17:01:04 EET" duration-ms="5243" status="PASS">
          <reporter-output>
          </reporter-output>
        </test-method> <!-- add_new -->
        <test-method signature="search()[pri:3, instance:TestPro.Orange_hrm.mainTest@4b0b0854]" started-at="2021-11-04T17:01:04 EET" name="search" finished-at="2021-11-04T17:01:05 EET" duration-ms="984" status="PASS">
          <reporter-output>
          </reporter-output>
        </test-method> <!-- search -->
        <test-method signature="assertion()[pri:4, instance:TestPro.Orange_hrm.mainTest@4b0b0854]" started-at="2021-11-04T17:01:05 EET" name="assertion" finished-at="2021-11-04T17:01:06 EET" duration-ms="1677" status="PASS">
          <reporter-output>
          </reporter-output>
        </test-method> <!-- assertion -->
        <test-method is-config="true" signature="globalTearDown()[pri:0, instance:TestPro.Orange_hrm.mainTest@4b0b0854]" started-at="2021-11-04T17:01:06 EET" name="globalTearDown" finished-at="2021-11-04T17:01:07 EET" duration-ms="741" status="PASS">
          <reporter-output>
          </reporter-output>
        </test-method> <!-- globalTearDown -->
      </class> <!-- TestPro.Orange_hrm.mainTest -->
    </test> <!-- Default test -->
  </suite> <!-- Default suite -->
</testng-results>
